21:49:32 INFO  : Registering command handlers for SDK TCF services
21:49:34 INFO  : Launching XSCT server: xsct.bat -interactive C:\Zynq_Book\LED_BUTTON.prj\LED_BUTTON.prj.sdk\temp_xsdb_launch_script.tcl
21:49:38 INFO  : XSCT server has started successfully.
21:49:39 INFO  : Successfully done setting XSCT server connection channel  
21:49:39 INFO  : Successfully done setting SDK workspace  
21:49:39 INFO  : Processing command line option -hwspec C:/Zynq_Book/LED_BUTTON.prj/LED_BUTTON.prj.sdk/zynq_interrupt_system_wrapper.hdf.
21:56:49 ERROR : The Hardware Project referenced by this BSP (LED_BUTTON_bsp) was not found in this workspace. As a result, this BSP will not build properly. To fix this error, please import the associated hardware project or recreate a new BSP targeting an existing hardware platform.
22:03:56 INFO  : Connected to target on host '127.0.0.1' and port '3121'.
22:04:13 INFO  : 'targets -set -filter {jtag_cable_name =~ "Digilent Zybo 210279759083A" && level==0} -index 1' command is executed.
22:04:14 INFO  : FPGA configured successfully with bitstream "C:/Zynq_Book/LED_BUTTON.prj/LED_BUTTON.prj.sdk/zynq_interrupt_system_wrapper_hw_platform_0/zynq_interrupt_system_wrapper.bit"
22:04:32 INFO  : 'targets -set -filter {jtag_cable_name =~ "Digilent Zybo 210279759083A" && level==0} -index 1' command is executed.
22:04:32 INFO  : 'fpga -state' command is executed.
22:04:32 INFO  : Connected to target on host '127.0.0.1' and port '3121'.
22:04:32 INFO  : Jtag cable 'Digilent Zybo 210279759083A' is selected.
22:04:32 INFO  : 'jtag frequency' command is executed.
22:04:32 INFO  : Sourcing of 'C:/Zynq_Book/LED_BUTTON.prj/LED_BUTTON.prj.sdk/zynq_interrupt_system_wrapper_hw_platform_0/ps7_init.tcl' is done.
22:04:32 INFO  : Context for 'APU' is selected.
22:04:32 INFO  : Hardware design information is loaded from 'C:/Zynq_Book/LED_BUTTON.prj/LED_BUTTON.prj.sdk/zynq_interrupt_system_wrapper_hw_platform_0/system.hdf'.
22:04:32 INFO  : 'configparams force-mem-access 1' command is executed.
22:04:33 INFO  : Context for 'APU' is selected.
22:04:33 INFO  : 'stop' command is executed.
22:04:34 INFO  : 'ps7_init' command is executed.
22:04:34 INFO  : 'ps7_post_config' command is executed.
22:04:34 INFO  : Context for processor 'ps7_cortexa9_0' is selected.
22:04:34 INFO  : Processor reset is completed for 'ps7_cortexa9_0'.
22:04:34 INFO  : Context for processor 'ps7_cortexa9_0' is selected.
22:04:35 INFO  : The application 'C:/Zynq_Book/LED_BUTTON.prj/LED_BUTTON.prj.sdk/LED_BUTTON/Debug/LED_BUTTON.elf' is downloaded to processor 'ps7_cortexa9_0'.
22:04:35 INFO  : 'configparams force-mem-access 0' command is executed.
22:04:35 INFO  : ----------------XSDB Script----------------
connect -url tcp:127.0.0.1:3121
source C:/Zynq_Book/LED_BUTTON.prj/LED_BUTTON.prj.sdk/zynq_interrupt_system_wrapper_hw_platform_0/ps7_init.tcl
targets -set -nocase -filter {name =~"APU*" && jtag_cable_name =~ "Digilent Zybo 210279759083A"} -index 0
loadhw -hw C:/Zynq_Book/LED_BUTTON.prj/LED_BUTTON.prj.sdk/zynq_interrupt_system_wrapper_hw_platform_0/system.hdf -mem-ranges [list {0x40000000 0xbfffffff}]
configparams force-mem-access 1
targets -set -nocase -filter {name =~"APU*" && jtag_cable_name =~ "Digilent Zybo 210279759083A"} -index 0
stop
ps7_init
ps7_post_config
targets -set -nocase -filter {name =~ "ARM*#0" && jtag_cable_name =~ "Digilent Zybo 210279759083A"} -index 0
rst -processor
targets -set -nocase -filter {name =~ "ARM*#0" && jtag_cable_name =~ "Digilent Zybo 210279759083A"} -index 0
dow C:/Zynq_Book/LED_BUTTON.prj/LED_BUTTON.prj.sdk/LED_BUTTON/Debug/LED_BUTTON.elf
configparams force-mem-access 0
----------------End of Script----------------

22:04:35 INFO  : Memory regions updated for context APU
22:04:35 INFO  : Context for processor 'ps7_cortexa9_0' is selected.
22:04:35 INFO  : 'con' command is executed.
22:04:35 INFO  : ----------------XSDB Script (After Launch)----------------
targets -set -nocase -filter {name =~ "ARM*#0" && jtag_cable_name =~ "Digilent Zybo 210279759083A"} -index 0
con
----------------End of Script----------------

22:04:35 INFO  : Launch script is exported to file 'C:\Zynq_Book\LED_BUTTON.prj\LED_BUTTON.prj.sdk\.sdk\launch_scripts\xilinx_c-c++_application_(system_debugger)\system_debugger_using_debug_led_button.elf_on_local.tcl'
22:05:23 INFO  : Connected to target on host '127.0.0.1' and port '3121'.
22:05:23 INFO  : 'targets -set -filter {jtag_cable_name =~ "Digilent Zybo 210279759083A" && level==0} -index 1' command is executed.
22:05:24 INFO  : FPGA configured successfully with bitstream "C:/Zynq_Book/LED_BUTTON.prj/LED_BUTTON.prj.sdk/zynq_interrupt_system_wrapper_hw_platform_0/zynq_interrupt_system_wrapper.bit"
